# JRE version: OpenJDK Runtime Environment (11.0.13) (build 11.0.13+0-b1751.21-8125866)
# Java VM: OpenJDK 64-Bit Server VM (11.0.13+0-b1751.21-8125866, mixed mode, tiered, compressed oops, g1 gc, windows-amd64)
Heap:
 garbage-first heap   total 653312K, used 185613K [0x0000000080000000, 0x0000000100000000)
  region size 1024K, 14 young (14336K), 14 survivors (14336K)
 Metaspace       used 102819K, capacity 105585K, committed 106196K, reserved 1140736K
  class space    used 13257K, capacity 14365K, committed 14776K, reserved 1048576K
GC Heap History (20 events):
Event: 19.939 GC heap after
{Heap after GC invocations=44 (full 0):
 garbage-first heap   total 270336K, used 139684K [0x0000000080000000, 0x0000000100000000)
  region size 1024K, 3 young (3072K), 3 survivors (3072K)
 Metaspace       used 99858K, capacity 102279K, committed 103764K, reserved 1138688K
  class space    used 13002K, capacity 13971K, committed 14648K, reserved 1048576K
}
Event: 20.146 GC heap before
{Heap before GC invocations=44 (full 0):
 garbage-first heap   total 270336K, used 207268K [0x0000000080000000, 0x0000000100000000)
  region size 1024K, 70 young (71680K), 3 survivors (3072K)
 Metaspace       used 100563K, capacity 103100K, committed 104276K, reserved 1138688K
  class space    used 13115K, capacity 14140K, committed 14648K, reserved 1048576K
}
Event: 20.154 GC heap after
{Heap after GC invocations=45 (full 0):
 garbage-first heap   total 324608K, used 140887K [0x0000000080000000, 0x0000000100000000)
  region size 1024K, 4 young (4096K), 4 survivors (4096K)
 Metaspace       used 100563K, capacity 103100K, committed 104276K, reserved 1138688K
  class space    used 13115K, capacity 14140K, committed 14648K, reserved 1048576K
}
Event: 20.553 GC heap before
{Heap before GC invocations=46 (full 0):
 garbage-first heap   total 324608K, used 240215K [0x0000000080000000, 0x0000000100000000)
  region size 1024K, 101 young (103424K), 4 survivors (4096K)
 Metaspace       used 100943K, capacity 103513K, committed 104532K, reserved 1138688K
  class space    used 13122K, capacity 14147K, committed 14648K, reserved 1048576K
}
Event: 20.559 GC heap after
{Heap after GC invocations=47 (full 0):
 garbage-first heap   total 324608K, used 140186K [0x0000000080000000, 0x0000000100000000)
  region size 1024K, 3 young (3072K), 3 survivors (3072K)
 Metaspace       used 100943K, capacity 103513K, committed 104532K, reserved 1138688K
  class space    used 13122K, capacity 14147K, committed 14648K, reserved 1048576K
}
Event: 20.894 GC heap before
{Heap before GC invocations=47 (full 0):
 garbage-first heap   total 324608K, used 264090K [0x0000000080000000, 0x0000000100000000)
  region size 1024K, 125 young (128000K), 3 survivors (3072K)
 Metaspace       used 101296K, capacity 103938K, committed 105172K, reserved 1140736K
  class space    used 13159K, capacity 14201K, committed 14776K, reserved 1048576K
}
Event: 20.902 GC heap after
{Heap after GC invocations=48 (full 0):
 garbage-first heap   total 324608K, used 142598K [0x0000000080000000, 0x0000000100000000)
  region size 1024K, 6 young (6144K), 6 survivors (6144K)
 Metaspace       used 101296K, capacity 103938K, committed 105172K, reserved 1140736K
  class space    used 13159K, capacity 14201K, committed 14776K, reserved 1048576K
}
Event: 21.161 GC heap before
{Heap before GC invocations=48 (full 0):
 garbage-first heap   total 324608K, used 265478K [0x0000000080000000, 0x0000000100000000)
  region size 1024K, 126 young (129024K), 6 survivors (6144K)
 Metaspace       used 101467K, capacity 104091K, committed 105172K, reserved 1140736K
  class space    used 13163K, capacity 14205K, committed 14776K, reserved 1048576K
}
Event: 21.167 GC heap after
{Heap after GC invocations=49 (full 0):
 garbage-first heap   total 324608K, used 143102K [0x0000000080000000, 0x0000000100000000)
  region size 1024K, 6 young (6144K), 6 survivors (6144K)
 Metaspace       used 101467K, capacity 104091K, committed 105172K, reserved 1140736K
  class space    used 13163K, capacity 14205K, committed 14776K, reserved 1048576K
}
Event: 21.392 GC heap before
{Heap before GC invocations=49 (full 0):
 garbage-first heap   total 324608K, used 269054K [0x0000000080000000, 0x0000000100000000)
  region size 1024K, 130 young (133120K), 6 survivors (6144K)
 Metaspace       used 101839K, capacity 104593K, committed 105428K, reserved 1140736K
  class space    used 13221K, capacity 14330K, committed 14776K, reserved 1048576K
}
Event: 21.399 GC heap after
{Heap after GC invocations=50 (full 0):
 garbage-first heap   total 324608K, used 143624K [0x0000000080000000, 0x0000000100000000)
  region size 1024K, 7 young (7168K), 7 survivors (7168K)
 Metaspace       used 101839K, capacity 104593K, committed 105428K, reserved 1140736K
  class space    used 13221K, capacity 14330K, committed 14776K, reserved 1048576K
}
Event: 21.673 GC heap before
{Heap before GC invocations=50 (full 0):
 garbage-first heap   total 324608K, used 271624K [0x0000000080000000, 0x0000000100000000)
  region size 1024K, 132 young (135168K), 7 survivors (7168K)
 Metaspace       used 102124K, capacity 104829K, committed 105684K, reserved 1140736K
  class space    used 13224K, capacity 14336K, committed 14776K, reserved 1048576K
}
Event: 21.719 GC heap after
{Heap after GC invocations=51 (full 0):
 garbage-first heap   total 390144K, used 142731K [0x0000000080000000, 0x0000000100000000)
  region size 1024K, 6 young (6144K), 6 survivors (6144K)
 Metaspace       used 102124K, capacity 104829K, committed 105684K, reserved 1140736K
  class space    used 13224K, capacity 14336K, committed 14776K, reserved 1048576K
}
Event: 22.152 GC heap before
{Heap before GC invocations=51 (full 0):
 garbage-first heap   total 390144K, used 333195K [0x0000000080000000, 0x0000000100000000)
  region size 1024K, 191 young (195584K), 6 survivors (6144K)
 Metaspace       used 102406K, capacity 105134K, committed 105940K, reserved 1140736K
  class space    used 13227K, capacity 14338K, committed 14776K, reserved 1048576K
}
Event: 22.166 GC heap after
{Heap after GC invocations=52 (full 0):
 garbage-first heap   total 390144K, used 149649K [0x0000000080000000, 0x0000000100000000)
  region size 1024K, 11 young (11264K), 11 survivors (11264K)
 Metaspace       used 102406K, capacity 105134K, committed 105940K, reserved 1140736K
  class space    used 13227K, capacity 14338K, committed 14776K, reserved 1048576K
}
Event: 22.602 GC heap before
{Heap before GC invocations=52 (full 0):
 garbage-first heap   total 390144K, used 329873K [0x0000000080000000, 0x0000000100000000)
  region size 1024K, 188 young (192512K), 11 survivors (11264K)
 Metaspace       used 102472K, capacity 105204K, committed 105940K, reserved 1140736K
  class space    used 13233K, capacity 14339K, committed 14776K, reserved 1048576K
}
Event: 22.622 GC heap after
{Heap after GC invocations=53 (full 0):
 garbage-first heap   total 390144K, used 162812K [0x0000000080000000, 0x0000000100000000)
  region size 1024K, 24 young (24576K), 24 survivors (24576K)
 Metaspace       used 102472K, capacity 105204K, committed 105940K, reserved 1140736K
  class space    used 13233K, capacity 14339K, committed 14776K, reserved 1048576K
}
Event: 23.005 GC heap before
{Heap before GC invocations=53 (full 0):
 garbage-first heap   total 390144K, used 323580K [0x0000000080000000, 0x0000000100000000)
  region size 1024K, 181 young (185344K), 24 survivors (24576K)
 Metaspace       used 102698K, capacity 105397K, committed 105940K, reserved 1140736K
  class space    used 13246K, capacity 14349K, committed 14776K, reserved 1048576K
}
Event: 23.040 GC heap after
{Heap after GC invocations=54 (full 0):
 garbage-first heap   total 390144K, used 173193K [0x0000000080000000, 0x0000000100000000)
  region size 1024K, 15 young (15360K), 15 survivors (15360K)
 Metaspace       used 102698K, capacity 105397K, committed 105940K, reserved 1140736K
  class space    used 13246K, capacity 14349K, committed 14776K, reserved 1048576K
}
Event: 23.291 GC heap before
{Heap before GC invocations=54 (full 0):
 garbage-first heap   total 390144K, used 320649K [0x0000000080000000, 0x0000000100000000)
  region size 1024K, 159 young (162816K), 15 survivors (15360K)
 Metaspace       used 102819K, capacity 105585K, committed 106196K, reserved 1140736K
  class space    used 13257K, capacity 14365K, committed 14776K, reserved 1048576K
}

