# JRE version: OpenJDK Runtime Environment (11.0.13) (build 11.0.13+0-b1751.21-8125866)
# Java VM: OpenJDK 64-Bit Server VM (11.0.13+0-b1751.21-8125866, mixed mode, tiered, compressed oops, g1 gc, windows-amd64)
Heap:
 garbage-first heap   total 693248K, used 145715K [0x0000000080000000, 0x0000000100000000)
  region size 1024K, 7 young (7168K), 7 survivors (7168K)
 Metaspace       used 101247K, capacity 103928K, committed 104188K, reserved 1138688K
  class space    used 13138K, capacity 14204K, committed 14412K, reserved 1048576K
GC Heap History (20 events):
Event: 25.239 GC heap after
{Heap after GC invocations=38 (full 0):
 garbage-first heap   total 187392K, used 122852K [0x0000000080000000, 0x0000000100000000)
  region size 1024K, 2 young (2048K), 2 survivors (2048K)
 Metaspace       used 95023K, capacity 97594K, committed 97788K, reserved 1134592K
  class space    used 12434K, capacity 13521K, committed 13644K, reserved 1048576K
}
Event: 25.272 GC heap before
{Heap before GC invocations=38 (full 0):
 garbage-first heap   total 187392K, used 149476K [0x0000000080000000, 0x0000000100000000)
  region size 1024K, 28 young (28672K), 2 survivors (2048K)
 Metaspace       used 95190K, capacity 97797K, committed 98044K, reserved 1134592K
  class space    used 12463K, capacity 13546K, committed 13644K, reserved 1048576K
}
Event: 25.282 GC heap after
{Heap after GC invocations=39 (full 0):
 garbage-first heap   total 187392K, used 127661K [0x0000000080000000, 0x0000000100000000)
  region size 1024K, 4 young (4096K), 4 survivors (4096K)
 Metaspace       used 95190K, capacity 97797K, committed 98044K, reserved 1134592K
  class space    used 12463K, capacity 13546K, committed 13644K, reserved 1048576K
}
Event: 25.326 GC heap before
{Heap before GC invocations=39 (full 0):
 garbage-first heap   total 187392K, used 151213K [0x0000000080000000, 0x0000000100000000)
  region size 1024K, 28 young (28672K), 4 survivors (4096K)
 Metaspace       used 95353K, capacity 97939K, committed 98044K, reserved 1134592K
  class space    used 12497K, capacity 13593K, committed 13644K, reserved 1048576K
}
Event: 25.342 GC heap after
{Heap after GC invocations=40 (full 0):
 garbage-first heap   total 230400K, used 132082K [0x0000000080000000, 0x0000000100000000)
  region size 1024K, 4 young (4096K), 4 survivors (4096K)
 Metaspace       used 95353K, capacity 97939K, committed 98044K, reserved 1134592K
  class space    used 12497K, capacity 13593K, committed 13644K, reserved 1048576K
}
Event: 25.694 GC heap before
{Heap before GC invocations=40 (full 0):
 garbage-first heap   total 230400K, used 172018K [0x0000000080000000, 0x0000000100000000)
  region size 1024K, 43 young (44032K), 4 survivors (4096K)
 Metaspace       used 95426K, capacity 97711K, committed 99068K, reserved 1134592K
  class space    used 12383K, capacity 13299K, committed 13900K, reserved 1048576K
}
Event: 25.711 GC heap after
{Heap after GC invocations=41 (full 0):
 garbage-first heap   total 230400K, used 138873K [0x0000000080000000, 0x0000000100000000)
  region size 1024K, 6 young (6144K), 6 survivors (6144K)
 Metaspace       used 95426K, capacity 97711K, committed 99068K, reserved 1134592K
  class space    used 12383K, capacity 13299K, committed 13900K, reserved 1048576K
}
Event: 26.164 GC heap before
{Heap before GC invocations=42 (full 0):
 garbage-first heap   total 230400K, used 177785K [0x0000000080000000, 0x0000000100000000)
  region size 1024K, 44 young (45056K), 6 survivors (6144K)
 Metaspace       used 98307K, capacity 100881K, committed 101372K, reserved 1136640K
  class space    used 12925K, capacity 13948K, committed 14156K, reserved 1048576K
}
Event: 26.181 GC heap after
{Heap after GC invocations=43 (full 0):
 garbage-first heap   total 230400K, used 141935K [0x0000000080000000, 0x0000000100000000)
  region size 1024K, 3 young (3072K), 3 survivors (3072K)
 Metaspace       used 98307K, capacity 100881K, committed 101372K, reserved 1136640K
  class space    used 12925K, capacity 13948K, committed 14156K, reserved 1048576K
}
Event: 26.372 GC heap before
{Heap before GC invocations=43 (full 0):
 garbage-first heap   total 230400K, used 180847K [0x0000000080000000, 0x0000000100000000)
  region size 1024K, 41 young (41984K), 3 survivors (3072K)
 Metaspace       used 98736K, capacity 101314K, committed 101756K, reserved 1136640K
  class space    used 12972K, capacity 14022K, committed 14284K, reserved 1048576K
}
Event: 26.378 GC heap after
{Heap after GC invocations=44 (full 0):
 garbage-first heap   total 230400K, used 141615K [0x0000000080000000, 0x0000000100000000)
  region size 1024K, 3 young (3072K), 3 survivors (3072K)
 Metaspace       used 98736K, capacity 101314K, committed 101756K, reserved 1136640K
  class space    used 12972K, capacity 14022K, committed 14284K, reserved 1048576K
}
Event: 26.614 GC heap before
{Heap before GC invocations=44 (full 0):
 garbage-first heap   total 230400K, used 182575K [0x0000000080000000, 0x0000000100000000)
  region size 1024K, 43 young (44032K), 3 survivors (3072K)
 Metaspace       used 99109K, capacity 101705K, committed 102012K, reserved 1136640K
  class space    used 13005K, capacity 14058K, committed 14284K, reserved 1048576K
}
Event: 26.631 GC heap after
{Heap after GC invocations=45 (full 0):
 garbage-first heap   total 441344K, used 141764K [0x0000000080000000, 0x0000000100000000)
  region size 1024K, 3 young (3072K), 3 survivors (3072K)
 Metaspace       used 99109K, capacity 101705K, committed 102012K, reserved 1136640K
  class space    used 13005K, capacity 14058K, committed 14284K, reserved 1048576K
}
Event: 27.403 GC heap before
{Heap before GC invocations=46 (full 0):
 garbage-first heap   total 441344K, used 261572K [0x0000000080000000, 0x0000000100000000)
  region size 1024K, 121 young (123904K), 3 survivors (3072K)
 Metaspace       used 99427K, capacity 101995K, committed 102524K, reserved 1138688K
  class space    used 12992K, capacity 14017K, committed 14284K, reserved 1048576K
}
Event: 27.415 GC heap after
{Heap after GC invocations=47 (full 0):
 garbage-first heap   total 441344K, used 142744K [0x0000000080000000, 0x0000000100000000)
  region size 1024K, 4 young (4096K), 4 survivors (4096K)
 Metaspace       used 99427K, capacity 101995K, committed 102524K, reserved 1138688K
  class space    used 12992K, capacity 14017K, committed 14284K, reserved 1048576K
}
Event: 27.929 GC heap before
{Heap before GC invocations=47 (full 0):
 garbage-first heap   total 441344K, used 314776K [0x0000000080000000, 0x0000000100000000)
  region size 1024K, 172 young (176128K), 4 survivors (4096K)
 Metaspace       used 99828K, capacity 102390K, committed 102780K, reserved 1138688K
  class space    used 13044K, capacity 14085K, committed 14284K, reserved 1048576K
}
Event: 27.988 GC heap after
{Heap after GC invocations=48 (full 0):
 garbage-first heap   total 441344K, used 143058K [0x0000000080000000, 0x0000000100000000)
  region size 1024K, 4 young (4096K), 4 survivors (4096K)
 Metaspace       used 99828K, capacity 102390K, committed 102780K, reserved 1138688K
  class space    used 13044K, capacity 14085K, committed 14284K, reserved 1048576K
}
Event: 28.950 GC heap before
{Heap before GC invocations=48 (full 0):
 garbage-first heap   total 441344K, used 351954K [0x0000000080000000, 0x0000000100000000)
  region size 1024K, 208 young (212992K), 4 survivors (4096K)
 Metaspace       used 100888K, capacity 103587K, committed 103932K, reserved 1138688K
  class space    used 13135K, capacity 14204K, committed 14412K, reserved 1048576K
}
Event: 28.971 GC heap after
{Heap after GC invocations=49 (full 0):
 garbage-first heap   total 441344K, used 144887K [0x0000000080000000, 0x0000000100000000)
  region size 1024K, 6 young (6144K), 6 survivors (6144K)
 Metaspace       used 100888K, capacity 103587K, committed 103932K, reserved 1138688K
  class space    used 13135K, capacity 14204K, committed 14412K, reserved 1048576K
}
Event: 29.599 GC heap before
{Heap before GC invocations=49 (full 0):
 garbage-first heap   total 441344K, used 355831K [0x0000000080000000, 0x0000000100000000)
  region size 1024K, 212 young (217088K), 6 survivors (6144K)
 Metaspace       used 101247K, capacity 103928K, committed 104188K, reserved 1138688K
  class space    used 13138K, capacity 14204K, committed 14412K, reserved 1048576K
}

