# JRE version: OpenJDK Runtime Environment (11.0.13) (build 11.0.13+0-b1751.21-8125866)
# Java VM: OpenJDK 64-Bit Server VM (11.0.13+0-b1751.21-8125866, mixed mode, tiered, compressed oops, g1 gc, windows-amd64)
Heap:
 garbage-first heap   total 782336K, used 216377K [0x0000000080000000, 0x0000000100000000)
  region size 1024K, 20 young (20480K), 20 survivors (20480K)
 Metaspace       used 103416K, capacity 106269K, committed 106876K, reserved 1140736K
  class space    used 13298K, capacity 14401K, committed 14796K, reserved 1048576K
GC Heap History (20 events):
Event: 30.483 GC heap after
{Heap after GC invocations=50 (full 0):
 garbage-first heap   total 363520K, used 184361K [0x0000000080000000, 0x0000000100000000)
  region size 1024K, 7 young (7168K), 7 survivors (7168K)
 Metaspace       used 100857K, capacity 103405K, committed 104956K, reserved 1140736K
  class space    used 12983K, capacity 13985K, committed 14668K, reserved 1048576K
}
Event: 30.825 GC heap before
{Heap before GC invocations=51 (full 0):
 garbage-first heap   total 363520K, used 274473K [0x0000000080000000, 0x0000000100000000)
  region size 1024K, 96 young (98304K), 7 survivors (7168K)
 Metaspace       used 101143K, capacity 103693K, committed 105340K, reserved 1140736K
  class space    used 13013K, capacity 14038K, committed 14796K, reserved 1048576K
}
Event: 30.839 GC heap after
{Heap after GC invocations=52 (full 0):
 garbage-first heap   total 363520K, used 186203K [0x0000000080000000, 0x0000000100000000)
  region size 1024K, 6 young (6144K), 6 survivors (6144K)
 Metaspace       used 101143K, capacity 103693K, committed 105340K, reserved 1140736K
  class space    used 13013K, capacity 14038K, committed 14796K, reserved 1048576K
}
Event: 31.059 GC heap before
{Heap before GC invocations=52 (full 0):
 garbage-first heap   total 363520K, used 287579K [0x0000000080000000, 0x0000000100000000)
  region size 1024K, 105 young (107520K), 6 survivors (6144K)
 Metaspace       used 101522K, capacity 104094K, committed 105596K, reserved 1140736K
  class space    used 13070K, capacity 14106K, committed 14796K, reserved 1048576K
}
Event: 31.071 GC heap after
{Heap after GC invocations=53 (full 0):
 garbage-first heap   total 363520K, used 189234K [0x0000000080000000, 0x0000000100000000)
  region size 1024K, 9 young (9216K), 9 survivors (9216K)
 Metaspace       used 101522K, capacity 104094K, committed 105596K, reserved 1140736K
  class space    used 13070K, capacity 14106K, committed 14796K, reserved 1048576K
}
Event: 31.360 GC heap before
{Heap before GC invocations=53 (full 0):
 garbage-first heap   total 363520K, used 291634K [0x0000000080000000, 0x0000000100000000)
  region size 1024K, 109 young (111616K), 9 survivors (9216K)
 Metaspace       used 101901K, capacity 104587K, committed 105852K, reserved 1140736K
  class space    used 13112K, capacity 14142K, committed 14796K, reserved 1048576K
}
Event: 31.373 GC heap after
{Heap after GC invocations=54 (full 0):
 garbage-first heap   total 363520K, used 190743K [0x0000000080000000, 0x0000000100000000)
  region size 1024K, 9 young (9216K), 9 survivors (9216K)
 Metaspace       used 101901K, capacity 104587K, committed 105852K, reserved 1140736K
  class space    used 13112K, capacity 14142K, committed 14796K, reserved 1048576K
}
Event: 31.712 GC heap before
{Heap before GC invocations=55 (full 0):
 garbage-first heap   total 363520K, used 298263K [0x0000000080000000, 0x0000000100000000)
  region size 1024K, 114 young (116736K), 9 survivors (9216K)
 Metaspace       used 102408K, capacity 105120K, committed 106108K, reserved 1140736K
  class space    used 13175K, capacity 14253K, committed 14796K, reserved 1048576K
}
Event: 31.735 GC heap after
{Heap after GC invocations=56 (full 0):
 garbage-first heap   total 363520K, used 192621K [0x0000000080000000, 0x0000000100000000)
  region size 1024K, 9 young (9216K), 9 survivors (9216K)
 Metaspace       used 102408K, capacity 105120K, committed 106108K, reserved 1140736K
  class space    used 13175K, capacity 14253K, committed 14796K, reserved 1048576K
}
Event: 32.107 GC heap before
{Heap before GC invocations=56 (full 0):
 garbage-first heap   total 363520K, used 304237K [0x0000000080000000, 0x0000000100000000)
  region size 1024K, 118 young (120832K), 9 survivors (9216K)
 Metaspace       used 102752K, capacity 105432K, committed 106364K, reserved 1140736K
  class space    used 13234K, capacity 14313K, committed 14796K, reserved 1048576K
}
Event: 32.128 GC heap after
{Heap after GC invocations=57 (full 0):
 garbage-first heap   total 363520K, used 194080K [0x0000000080000000, 0x0000000100000000)
  region size 1024K, 10 young (10240K), 10 survivors (10240K)
 Metaspace       used 102752K, capacity 105432K, committed 106364K, reserved 1140736K
  class space    used 13234K, capacity 14313K, committed 14796K, reserved 1048576K
}
Event: 32.741 GC heap before
{Heap before GC invocations=57 (full 0):
 garbage-first heap   total 363520K, used 306720K [0x0000000080000000, 0x0000000100000000)
  region size 1024K, 121 young (123904K), 10 survivors (10240K)
 Metaspace       used 102855K, capacity 105528K, committed 106364K, reserved 1140736K
  class space    used 13252K, capacity 14324K, committed 14796K, reserved 1048576K
}
Event: 32.901 GC heap after
{Heap after GC invocations=58 (full 0):
 garbage-first heap   total 453632K, used 198780K [0x0000000080000000, 0x0000000100000000)
  region size 1024K, 13 young (13312K), 13 survivors (13312K)
 Metaspace       used 102855K, capacity 105528K, committed 106364K, reserved 1140736K
  class space    used 13252K, capacity 14324K, committed 14796K, reserved 1048576K
}
Event: 34.023 GC heap before
{Heap before GC invocations=59 (full 0):
 garbage-first heap   total 453632K, used 368764K [0x0000000080000000, 0x0000000100000000)
  region size 1024K, 179 young (183296K), 13 survivors (13312K)
 Metaspace       used 102941K, capacity 105673K, committed 106620K, reserved 1140736K
  class space    used 13256K, capacity 14328K, committed 14796K, reserved 1048576K
}
Event: 34.119 GC heap after
{Heap after GC invocations=60 (full 0):
 garbage-first heap   total 453632K, used 202511K [0x0000000080000000, 0x0000000100000000)
  region size 1024K, 14 young (14336K), 14 survivors (14336K)
 Metaspace       used 102941K, capacity 105673K, committed 106620K, reserved 1140736K
  class space    used 13256K, capacity 14328K, committed 14796K, reserved 1048576K
}
Event: 35.352 GC heap before
{Heap before GC invocations=60 (full 0):
 garbage-first heap   total 453632K, used 379663K [0x0000000080000000, 0x0000000100000000)
  region size 1024K, 187 young (191488K), 14 survivors (14336K)
 Metaspace       used 103036K, capacity 105770K, committed 106620K, reserved 1140736K
  class space    used 13261K, capacity 14336K, committed 14796K, reserved 1048576K
}
Event: 35.422 GC heap after
{Heap after GC invocations=61 (full 0):
 garbage-first heap   total 453632K, used 207332K [0x0000000080000000, 0x0000000100000000)
  region size 1024K, 18 young (18432K), 18 survivors (18432K)
 Metaspace       used 103036K, capacity 105770K, committed 106620K, reserved 1140736K
  class space    used 13261K, capacity 14336K, committed 14796K, reserved 1048576K
}
Event: 35.898 GC heap before
{Heap before GC invocations=61 (full 0):
 garbage-first heap   total 453632K, used 384484K [0x0000000080000000, 0x0000000100000000)
  region size 1024K, 190 young (194560K), 18 survivors (18432K)
 Metaspace       used 103384K, capacity 106201K, committed 106876K, reserved 1140736K
  class space    used 13298K, capacity 14401K, committed 14796K, reserved 1048576K
}
Event: 36.038 GC heap after
{Heap after GC invocations=62 (full 0):
 garbage-first heap   total 453632K, used 206906K [0x0000000080000000, 0x0000000100000000)
  region size 1024K, 11 young (11264K), 11 survivors (11264K)
 Metaspace       used 103384K, capacity 106201K, committed 106876K, reserved 1140736K
  class space    used 13298K, capacity 14401K, committed 14796K, reserved 1048576K
}
Event: 36.518 GC heap before
{Heap before GC invocations=62 (full 0):
 garbage-first heap   total 453632K, used 386106K [0x0000000080000000, 0x0000000100000000)
  region size 1024K, 187 young (191488K), 11 survivors (11264K)
 Metaspace       used 103416K, capacity 106269K, committed 106876K, reserved 1140736K
  class space    used 13298K, capacity 14401K, committed 14796K, reserved 1048576K
}

