# JRE version: OpenJDK Runtime Environment (11.0.13) (build 11.0.13+0-b1751.21-8125866)
# Java VM: OpenJDK 64-Bit Server VM (11.0.13+0-b1751.21-8125866, mixed mode, tiered, compressed oops, g1 gc, windows-amd64)
Heap:
 garbage-first heap   total 781312K, used 177483K [0x0000000080000000, 0x0000000100000000)
  region size 1024K, 13 young (13312K), 13 survivors (13312K)
 Metaspace       used 101322K, capacity 103959K, committed 105040K, reserved 1140736K
  class space    used 13176K, capacity 14209K, committed 14752K, reserved 1048576K
GC Heap History (20 events):
Event: 15.701 GC heap after
{Heap after GC invocations=30 (full 0):
 garbage-first heap   total 187392K, used 116027K [0x0000000080000000, 0x0000000100000000)
  region size 1024K, 6 young (6144K), 6 survivors (6144K)
 Metaspace       used 94803K, capacity 97562K, committed 97872K, reserved 1134592K
  class space    used 12462K, capacity 13629K, committed 13728K, reserved 1048576K
}
Event: 15.779 GC heap before
{Heap before GC invocations=31 (full 0):
 garbage-first heap   total 187392K, used 150843K [0x0000000080000000, 0x0000000100000000)
  region size 1024K, 40 young (40960K), 6 survivors (6144K)
 Metaspace       used 95616K, capacity 98542K, committed 98896K, reserved 1134592K
  class space    used 12613K, capacity 13858K, committed 13984K, reserved 1048576K
}
Event: 15.790 GC heap after
{Heap after GC invocations=32 (full 0):
 garbage-first heap   total 225280K, used 122425K [0x0000000080000000, 0x0000000100000000)
  region size 1024K, 5 young (5120K), 5 survivors (5120K)
 Metaspace       used 95616K, capacity 98542K, committed 98896K, reserved 1134592K
  class space    used 12613K, capacity 13858K, committed 13984K, reserved 1048576K
}
Event: 16.040 GC heap before
{Heap before GC invocations=32 (full 0):
 garbage-first heap   total 225280K, used 167481K [0x0000000080000000, 0x0000000100000000)
  region size 1024K, 50 young (51200K), 5 survivors (5120K)
 Metaspace       used 96973K, capacity 99938K, committed 100176K, reserved 1134592K
  class space    used 12881K, capacity 14162K, committed 14240K, reserved 1048576K
}
Event: 16.078 GC heap after
{Heap after GC invocations=33 (full 0):
 garbage-first heap   total 225280K, used 130567K [0x0000000080000000, 0x0000000100000000)
  region size 1024K, 7 young (7168K), 7 survivors (7168K)
 Metaspace       used 96973K, capacity 99938K, committed 100176K, reserved 1134592K
  class space    used 12881K, capacity 14162K, committed 14240K, reserved 1048576K
}
Event: 16.356 GC heap before
{Heap before GC invocations=33 (full 0):
 garbage-first heap   total 225280K, used 174599K [0x0000000080000000, 0x0000000100000000)
  region size 1024K, 50 young (51200K), 7 survivors (7168K)
 Metaspace       used 97562K, capacity 100621K, committed 100816K, reserved 1136640K
  class space    used 12958K, capacity 14262K, committed 14368K, reserved 1048576K
}
Event: 16.368 GC heap after
{Heap after GC invocations=34 (full 0):
 garbage-first heap   total 225280K, used 139690K [0x0000000080000000, 0x0000000100000000)
  region size 1024K, 7 young (7168K), 7 survivors (7168K)
 Metaspace       used 97562K, capacity 100621K, committed 100816K, reserved 1136640K
  class space    used 12958K, capacity 14262K, committed 14368K, reserved 1048576K
}
Event: 17.847 GC heap before
{Heap before GC invocations=35 (full 0):
 garbage-first heap   total 225280K, used 180650K [0x0000000080000000, 0x0000000100000000)
  region size 1024K, 47 young (48128K), 7 survivors (7168K)
 Metaspace       used 97324K, capacity 99883K, committed 101328K, reserved 1136640K
  class space    used 12735K, capacity 13761K, committed 14368K, reserved 1048576K
}
Event: 17.860 GC heap after
{Heap after GC invocations=36 (full 0):
 garbage-first heap   total 225280K, used 147406K [0x0000000080000000, 0x0000000100000000)
  region size 1024K, 6 young (6144K), 6 survivors (6144K)
 Metaspace       used 97324K, capacity 99883K, committed 101328K, reserved 1136640K
  class space    used 12735K, capacity 13761K, committed 14368K, reserved 1048576K
}
Event: 18.113 GC heap before
{Heap before GC invocations=36 (full 0):
 garbage-first heap   total 225280K, used 183246K [0x0000000080000000, 0x0000000100000000)
  region size 1024K, 42 young (43008K), 6 survivors (6144K)
 Metaspace       used 98447K, capacity 101106K, committed 102224K, reserved 1136640K
  class space    used 12912K, capacity 13972K, committed 14496K, reserved 1048576K
}
Event: 18.199 GC heap after
{Heap after GC invocations=37 (full 0):
 garbage-first heap   total 337920K, used 153335K [0x0000000080000000, 0x0000000100000000)
  region size 1024K, 6 young (6144K), 6 survivors (6144K)
 Metaspace       used 98447K, capacity 101106K, committed 102224K, reserved 1136640K
  class space    used 12912K, capacity 13972K, committed 14496K, reserved 1048576K
}
Event: 19.109 GC heap before
{Heap before GC invocations=38 (full 0):
 garbage-first heap   total 337920K, used 219895K [0x0000000080000000, 0x0000000100000000)
  region size 1024K, 72 young (73728K), 6 survivors (6144K)
 Metaspace       used 100374K, capacity 102986K, committed 104528K, reserved 1138688K
  class space    used 13034K, capacity 14056K, committed 14752K, reserved 1048576K
}
Event: 19.730 GC heap after
{Heap after GC invocations=39 (full 0):
 garbage-first heap   total 337920K, used 158350K [0x0000000080000000, 0x0000000100000000)
  region size 1024K, 5 young (5120K), 5 survivors (5120K)
 Metaspace       used 100374K, capacity 102986K, committed 104528K, reserved 1138688K
  class space    used 13034K, capacity 14056K, committed 14752K, reserved 1048576K
}
Event: 20.045 GC heap before
{Heap before GC invocations=39 (full 0):
 garbage-first heap   total 337920K, used 230030K [0x0000000080000000, 0x0000000100000000)
  region size 1024K, 75 young (76800K), 5 survivors (5120K)
 Metaspace       used 100974K, capacity 103595K, committed 104784K, reserved 1138688K
  class space    used 13126K, capacity 14153K, committed 14752K, reserved 1048576K
}
Event: 20.056 GC heap after
{Heap after GC invocations=40 (full 0):
 garbage-first heap   total 337920K, used 161294K [0x0000000080000000, 0x0000000100000000)
  region size 1024K, 8 young (8192K), 8 survivors (8192K)
 Metaspace       used 100974K, capacity 103595K, committed 104784K, reserved 1138688K
  class space    used 13126K, capacity 14153K, committed 14752K, reserved 1048576K
}
Event: 20.425 GC heap before
{Heap before GC invocations=41 (full 0):
 garbage-first heap   total 337920K, used 236046K [0x0000000080000000, 0x0000000100000000)
  region size 1024K, 82 young (83968K), 8 survivors (8192K)
 Metaspace       used 101244K, capacity 103880K, committed 105040K, reserved 1140736K
  class space    used 13173K, capacity 14205K, committed 14752K, reserved 1048576K
}
Event: 20.441 GC heap after
{Heap after GC invocations=42 (full 0):
 garbage-first heap   total 337920K, used 162954K [0x0000000080000000, 0x0000000100000000)
  region size 1024K, 6 young (6144K), 6 survivors (6144K)
 Metaspace       used 101244K, capacity 103880K, committed 105040K, reserved 1140736K
  class space    used 13173K, capacity 14205K, committed 14752K, reserved 1048576K
}
Event: 20.825 GC heap before
{Heap before GC invocations=42 (full 0):
 garbage-first heap   total 337920K, used 243850K [0x0000000080000000, 0x0000000100000000)
  region size 1024K, 86 young (88064K), 6 survivors (6144K)
 Metaspace       used 101264K, capacity 103956K, committed 105040K, reserved 1140736K
  class space    used 13176K, capacity 14209K, committed 14752K, reserved 1048576K
}
Event: 20.909 GC heap after
{Heap after GC invocations=43 (full 0):
 garbage-first heap   total 337920K, used 167781K [0x0000000080000000, 0x0000000100000000)
  region size 1024K, 10 young (10240K), 10 survivors (10240K)
 Metaspace       used 101264K, capacity 103956K, committed 105040K, reserved 1140736K
  class space    used 13176K, capacity 14209K, committed 14752K, reserved 1048576K
}
Event: 21.377 GC heap before
{Heap before GC invocations=43 (full 0):
 garbage-first heap   total 337920K, used 260965K [0x0000000080000000, 0x0000000100000000)
  region size 1024K, 100 young (102400K), 10 survivors (10240K)
 Metaspace       used 101322K, capacity 103959K, committed 105040K, reserved 1140736K
  class space    used 13176K, capacity 14209K, committed 14752K, reserved 1048576K
}

