# JRE version: OpenJDK Runtime Environment (11.0.13) (build 11.0.13+0-b1751.21-8125866)
# Java VM: OpenJDK 64-Bit Server VM (11.0.13+0-b1751.21-8125866, mixed mode, tiered, compressed oops, g1 gc, windows-amd64)
Heap:
 garbage-first heap   total 187392K, used 145559K [0x0000000080000000, 0x0000000100000000)
  region size 1024K, 51 young (52224K), 2 survivors (2048K)
 Metaspace       used 94365K, capacity 96756K, committed 97148K, reserved 1132544K
  class space    used 12182K, capacity 13112K, committed 13260K, reserved 1048576K
GC Heap History (20 events):
Event: 9.221 GC heap before
{Heap before GC invocations=9 (full 0):
 garbage-first heap   total 155648K, used 104942K [0x0000000080000000, 0x0000000100000000)
  region size 1024K, 84 young (86016K), 9 survivors (9216K)
 Metaspace       used 47353K, capacity 48525K, committed 48636K, reserved 1091584K
  class space    used 6027K, capacity 6457K, committed 6476K, reserved 1048576K
}
Event: 9.238 GC heap after
{Heap after GC invocations=10 (full 0):
 garbage-first heap   total 155648K, used 30295K [0x0000000080000000, 0x0000000100000000)
  region size 1024K, 8 young (8192K), 8 survivors (8192K)
 Metaspace       used 47353K, capacity 48525K, committed 48636K, reserved 1091584K
  class space    used 6027K, capacity 6457K, committed 6476K, reserved 1048576K
}
Event: 11.511 GC heap before
{Heap before GC invocations=10 (full 0):
 garbage-first heap   total 155648K, used 116311K [0x0000000080000000, 0x0000000100000000)
  region size 1024K, 88 young (90112K), 8 survivors (8192K)
 Metaspace       used 52601K, capacity 53938K, committed 54268K, reserved 1095680K
  class space    used 6653K, capacity 7137K, committed 7244K, reserved 1048576K
}
Event: 11.530 GC heap after
{Heap after GC invocations=11 (full 0):
 garbage-first heap   total 155648K, used 42309K [0x0000000080000000, 0x0000000100000000)
  region size 1024K, 11 young (11264K), 11 survivors (11264K)
 Metaspace       used 52601K, capacity 53938K, committed 54268K, reserved 1095680K
  class space    used 6653K, capacity 7137K, committed 7244K, reserved 1048576K
}
Event: 14.955 GC heap before
{Heap before GC invocations=11 (full 0):
 garbage-first heap   total 155648K, used 85317K [0x0000000080000000, 0x0000000100000000)
  region size 1024K, 54 young (55296K), 11 survivors (11264K)
 Metaspace       used 58971K, capacity 60420K, committed 60580K, reserved 1101824K
  class space    used 7453K, capacity 7972K, committed 8012K, reserved 1048576K
}
Event: 14.976 GC heap after
{Heap after GC invocations=12 (full 0):
 garbage-first heap   total 187392K, used 44821K [0x0000000080000000, 0x0000000100000000)
  region size 1024K, 3 young (3072K), 3 survivors (3072K)
 Metaspace       used 58971K, capacity 60420K, committed 60580K, reserved 1101824K
  class space    used 7453K, capacity 7972K, committed 8012K, reserved 1048576K
}
Event: 17.801 GC heap before
{Heap before GC invocations=13 (full 0):
 garbage-first heap   total 187392K, used 148245K [0x0000000080000000, 0x0000000100000000)
  region size 1024K, 97 young (99328K), 3 survivors (3072K)
 Metaspace       used 65330K, capacity 66835K, committed 66940K, reserved 1107968K
  class space    used 8259K, capacity 8833K, committed 8908K, reserved 1048576K
}
Event: 17.818 GC heap after
{Heap after GC invocations=14 (full 0):
 garbage-first heap   total 187392K, used 51778K [0x0000000080000000, 0x0000000100000000)
  region size 1024K, 10 young (10240K), 10 survivors (10240K)
 Metaspace       used 65330K, capacity 66835K, committed 66940K, reserved 1107968K
  class space    used 8259K, capacity 8833K, committed 8908K, reserved 1048576K
}
Event: 20.243 GC heap before
{Heap before GC invocations=14 (full 0):
 garbage-first heap   total 187392K, used 141890K [0x0000000080000000, 0x0000000100000000)
  region size 1024K, 98 young (100352K), 10 survivors (10240K)
 Metaspace       used 72753K, capacity 74464K, committed 74620K, reserved 1114112K
  class space    used 9423K, capacity 10081K, committed 10188K, reserved 1048576K
}
Event: 20.279 GC heap after
{Heap after GC invocations=15 (full 0):
 garbage-first heap   total 187392K, used 58087K [0x0000000080000000, 0x0000000100000000)
  region size 1024K, 7 young (7168K), 7 survivors (7168K)
 Metaspace       used 72753K, capacity 74464K, committed 74620K, reserved 1114112K
  class space    used 9423K, capacity 10081K, committed 10188K, reserved 1048576K
}
Event: 23.647 GC heap before
{Heap before GC invocations=15 (full 0):
 garbage-first heap   total 187392K, used 145127K [0x0000000080000000, 0x0000000100000000)
  region size 1024K, 92 young (94208K), 7 survivors (7168K)
 Metaspace       used 81161K, capacity 83150K, committed 83324K, reserved 1122304K
  class space    used 10641K, capacity 11402K, committed 11468K, reserved 1048576K
}
Event: 23.664 GC heap after
{Heap after GC invocations=16 (full 0):
 garbage-first heap   total 187392K, used 63757K [0x0000000080000000, 0x0000000100000000)
  region size 1024K, 12 young (12288K), 12 survivors (12288K)
 Metaspace       used 81161K, capacity 83150K, committed 83324K, reserved 1122304K
  class space    used 10641K, capacity 11402K, committed 11468K, reserved 1048576K
}
Event: 26.697 GC heap before
{Heap before GC invocations=16 (full 0):
 garbage-first heap   total 187392K, used 148749K [0x0000000080000000, 0x0000000100000000)
  region size 1024K, 94 young (96256K), 12 survivors (12288K)
 Metaspace       used 84116K, capacity 86367K, committed 86652K, reserved 1124352K
  class space    used 10981K, capacity 11856K, committed 11980K, reserved 1048576K
}
Event: 26.737 GC heap after
{Heap after GC invocations=17 (full 0):
 garbage-first heap   total 187392K, used 79674K [0x0000000080000000, 0x0000000100000000)
  region size 1024K, 12 young (12288K), 12 survivors (12288K)
 Metaspace       used 84116K, capacity 86367K, committed 86652K, reserved 1124352K
  class space    used 10981K, capacity 11856K, committed 11980K, reserved 1048576K
}
Event: 37.864 GC heap before
{Heap before GC invocations=17 (full 0):
 garbage-first heap   total 187392K, used 156474K [0x0000000080000000, 0x0000000100000000)
  region size 1024K, 73 young (74752K), 12 survivors (12288K)
 Metaspace       used 87813K, capacity 90053K, committed 90364K, reserved 1128448K
  class space    used 11368K, capacity 12251K, committed 12364K, reserved 1048576K
}
Event: 37.884 GC heap after
{Heap after GC invocations=18 (full 0):
 garbage-first heap   total 187392K, used 85678K [0x0000000080000000, 0x0000000100000000)
  region size 1024K, 6 young (6144K), 6 survivors (6144K)
 Metaspace       used 87813K, capacity 90053K, committed 90364K, reserved 1128448K
  class space    used 11368K, capacity 12251K, committed 12364K, reserved 1048576K
}
Event: 40.034 GC heap before
{Heap before GC invocations=18 (full 0):
 garbage-first heap   total 187392K, used 144046K [0x0000000080000000, 0x0000000100000000)
  region size 1024K, 64 young (65536K), 6 survivors (6144K)
 Metaspace       used 91551K, capacity 93957K, committed 94076K, reserved 1130496K
  class space    used 11833K, capacity 12736K, committed 12748K, reserved 1048576K
}
Event: 40.052 GC heap after
{Heap after GC invocations=19 (full 0):
 garbage-first heap   total 187392K, used 89144K [0x0000000080000000, 0x0000000100000000)
  region size 1024K, 4 young (4096K), 4 survivors (4096K)
 Metaspace       used 91551K, capacity 93957K, committed 94076K, reserved 1130496K
  class space    used 11833K, capacity 12736K, committed 12748K, reserved 1048576K
}
Event: 41.417 GC heap before
{Heap before GC invocations=19 (full 0):
 garbage-first heap   total 187392K, used 146488K [0x0000000080000000, 0x0000000100000000)
  region size 1024K, 62 young (63488K), 4 survivors (4096K)
 Metaspace       used 92746K, capacity 95218K, committed 95356K, reserved 1132544K
  class space    used 11988K, capacity 12935K, committed 13004K, reserved 1048576K
}
Event: 41.428 GC heap after
{Heap after GC invocations=20 (full 0):
 garbage-first heap   total 187392K, used 97431K [0x0000000080000000, 0x0000000100000000)
  region size 1024K, 8 young (8192K), 8 survivors (8192K)
 Metaspace       used 92746K, capacity 95218K, committed 95356K, reserved 1132544K
  class space    used 11988K, capacity 12935K, committed 13004K, reserved 1048576K
}

